尋找 git : git
正在使用來自 git 的 git 2.25.1
Opening repository for path='/home/charles/Nginx/achen' failed; ex=Failed to execute git {
  "exitCode": 128,
  "gitErrorCode": "NotAGitRepository",
  "gitCommand": "rev-parse",
  "stdout": "",
  "stderr": "fatal: not a git repository (or any of the parent directories): .git\n"
}
Opening repository for path='/home/charles/Nginx/achen/resources/views/sales' failed; ex=Failed to execute git {
  "exitCode": 128,
  "gitErrorCode": "NotAGitRepository",
  "gitCommand": "rev-parse",
  "stdout": "",
  "stderr": "fatal: not a git repository (or any of the parent directories): .git\n"
}
Opening repository for path='/home/charles/Nginx/achen/.editorconfig' failed; ex=Error: spawn ENOTDIR
Opening repository for path='/home/charles/Nginx/achen/.env' failed; ex=Error: spawn ENOTDIR
Opening repository for path='/home/charles/Nginx/achen/.env.example' failed; ex=Error: spawn ENOTDIR
Opening repository for path='/home/charles/Nginx/achen/.gitattributes' failed; ex=Error: spawn ENOTDIR
Opening repository for path='/home/charles/Nginx/achen/.gitignore' failed; ex=Error: spawn ENOTDIR
Opening repository for path='/home/charles/Nginx/achen/.styleci.yml' failed; ex=Error: spawn ENOTDIR
Opening repository for path='/home/charles/Nginx/achen/1.55.2-main.sock' failed; ex=Error: spawn ENOTDIR
Opening repository for path='/home/charles/Nginx/achen/Backups' failed; ex=Failed to execute git {
  "exitCode": 128,
  "gitErrorCode": "NotAGitRepository",
  "gitCommand": "rev-parse",
  "stdout": "",
  "stderr": "fatal: not a git repository (or any of the parent directories): .git\n"
}
Opening repository for path='/home/charles/Nginx/achen/Cache' failed; ex=Failed to execute git {
  "exitCode": 128,
  "gitErrorCode": "NotAGitRepository",
  "gitCommand": "rev-parse",
  "stdout": "",
  "stderr": "fatal: not a git repository (or any of the parent directories): .git\n"
}
Opening repository for path='/home/charles/Nginx/achen/CachedData' failed; ex=Failed to execute git {
  "exitCode": 128,
  "gitErrorCode": "NotAGitRepository",
  "gitCommand": "rev-parse",
  "stdout": "",
  "stderr": "fatal: not a git repository (or any of the parent directories): .git\n"
}
Opening repository for path='/home/charles/Nginx/achen/CachedExtensions' failed; ex=Failed to execute git {
  "exitCode": 128,
  "gitErrorCode": "NotAGitRepository",
  "gitCommand": "rev-parse",
  "stdout": "",
  "stderr": "fatal: not a git repository (or any of the parent directories): .git\n"
}
Opening repository for path='/home/charles/Nginx/achen/Code Cache' failed; ex=Failed to execute git {
  "exitCode": 128,
  "gitErrorCode": "NotAGitRepository",
  "gitCommand": "rev-parse",
  "stdout": "",
  "stderr": "fatal: not a git repository (or any of the parent directories): .git\n"
}
Opening repository for path='/home/charles/Nginx/achen/Cookies' failed; ex=Error: spawn ENOTDIR
Opening repository for path='/home/charles/Nginx/achen/Cookies-journal' failed; ex=Error: spawn ENOTDIR
Opening repository for path='/home/charles/Nginx/achen/Crash Reports' failed; ex=Failed to execute git {
  "exitCode": 128,
  "gitErrorCode": "NotAGitRepository",
  "gitCommand": "rev-parse",
  "stdout": "",
  "stderr": "fatal: not a git repository (or any of the parent directories): .git\n"
}
Opening repository for path='/home/charles/Nginx/achen/Dictionaries' failed; ex=Failed to execute git {
  "exitCode": 128,
  "gitErrorCode": "NotAGitRepository",
  "gitCommand": "rev-parse",
  "stdout": "",
  "stderr": "fatal: not a git repository (or any of the parent directories): .git\n"
}
Opening repository for path='/home/charles/Nginx/achen/GPUCache' failed; ex=Failed to execute git {
  "exitCode": 128,
  "gitErrorCode": "NotAGitRepository",
  "gitCommand": "rev-parse",
  "stdout": "",
  "stderr": "fatal: not a git repository (or any of the parent directories): .git\n"
}
Opening repository for path='/home/charles/Nginx/achen/Local Storage' failed; ex=Failed to execute git {
  "exitCode": 128,
  "gitErrorCode": "NotAGitRepository",
  "gitCommand": "rev-parse",
  "stdout": "",
  "stderr": "fatal: not a git repository (or any of the parent directories): .git\n"
}
Opening repository for path='/home/charles/Nginx/achen/Network Persistent State' failed; ex=Error: spawn ENOTDIR
Opening repository for path='/home/charles/Nginx/achen/README.md' failed; ex=Error: spawn ENOTDIR
Opening repository for path='/home/charles/Nginx/achen/Session Storage' failed; ex=Failed to execute git {
  "exitCode": 128,
  "gitErrorCode": "NotAGitRepository",
  "gitCommand": "rev-parse",
  "stdout": "",
  "stderr": "fatal: not a git repository (or any of the parent directories): .git\n"
}
Opening repository for path='/home/charles/Nginx/achen/TransportSecurity' failed; ex=Error: spawn ENOTDIR
Opening repository for path='/home/charles/Nginx/achen/User' failed; ex=Failed to execute git {
  "exitCode": 128,
  "gitErrorCode": "NotAGitRepository",
  "gitCommand": "rev-parse",
  "stdout": "",
  "stderr": "fatal: not a git repository (or any of the parent directories): .git\n"
}
Opening repository for path='/home/charles/Nginx/achen/app' failed; ex=Failed to execute git {
  "exitCode": 128,
  "gitErrorCode": "NotAGitRepository",
  "gitCommand": "rev-parse",
  "stdout": "",
  "stderr": "fatal: not a git repository (or any of the parent directories): .git\n"
}
Opening repository for path='/home/charles/Nginx/achen/artisan' failed; ex=Error: spawn ENOTDIR
Opening repository for path='/home/charles/Nginx/achen/blob_storage' failed; ex=Failed to execute git {
  "exitCode": 128,
  "gitErrorCode": "NotAGitRepository",
  "gitCommand": "rev-parse",
  "stdout": "",
  "stderr": "fatal: not a git repository (or any of the parent directories): .git\n"
}
Opening repository for path='/home/charles/Nginx/achen/bootstrap' failed; ex=Failed to execute git {
  "exitCode": 128,
  "gitErrorCode": "NotAGitRepository",
  "gitCommand": "rev-parse",
  "stdout": "",
  "stderr": "fatal: not a git repository (or any of the parent directories): .git\n"
}
Opening repository for path='/home/charles/Nginx/achen/clp' failed; ex=Failed to execute git {
  "exitCode": 128,
  "gitErrorCode": "NotAGitRepository",
  "gitCommand": "rev-parse",
  "stdout": "",
  "stderr": "fatal: not a git repository (or any of the parent directories): .git\n"
}
Opening repository for path='/home/charles/Nginx/achen/composer.json' failed; ex=Error: spawn ENOTDIR
Opening repository for path='/home/charles/Nginx/achen/composer.lock' failed; ex=Error: spawn ENOTDIR
Opening repository for path='/home/charles/Nginx/achen/config' failed; ex=Failed to execute git {
  "exitCode": 128,
  "gitErrorCode": "NotAGitRepository",
  "gitCommand": "rev-parse",
  "stdout": "",
  "stderr": "fatal: not a git repository (or any of the parent directories): .git\n"
}
Opening repository for path='/home/charles/Nginx/achen/database' failed; ex=Failed to execute git {
  "exitCode": 128,
  "gitErrorCode": "NotAGitRepository",
  "gitCommand": "rev-parse",
  "stdout": "",
  "stderr": "fatal: not a git repository (or any of the parent directories): .git\n"
}
Opening repository for path='/home/charles/Nginx/achen/exthost Crash Reports' failed; ex=Failed to execute git {
  "exitCode": 128,
  "gitErrorCode": "NotAGitRepository",
  "gitCommand": "rev-parse",
  "stdout": "",
  "stderr": "fatal: not a git repository (or any of the parent directories): .git\n"
}
Opening repository for path='/home/charles/Nginx/achen/languagepacks.json' failed; ex=Error: spawn ENOTDIR
Opening repository for path='/home/charles/Nginx/achen/logs' failed; ex=Failed to execute git {
  "exitCode": 128,
  "gitErrorCode": "NotAGitRepository",
  "gitCommand": "rev-parse",
  "stdout": "",
  "stderr": "fatal: not a git repository (or any of the parent directories): .git\n"
}
Opening repository for path='/home/charles/Nginx/achen/machineid' failed; ex=Error: spawn ENOTDIR
Opening repository for path='/home/charles/Nginx/achen/package.json' failed; ex=Error: spawn ENOTDIR
Opening repository for path='/home/charles/Nginx/achen/phpunit.xml' failed; ex=Error: spawn ENOTDIR
Opening repository for path='/home/charles/Nginx/achen/public' failed; ex=Failed to execute git {
  "exitCode": 128,
  "gitErrorCode": "NotAGitRepository",
  "gitCommand": "rev-parse",
  "stdout": "",
  "stderr": "fatal: not a git repository (or any of the parent directories): .git\n"
}
Opening repository for path='/home/charles/Nginx/achen/rapid_render.json' failed; ex=Error: spawn ENOTDIR
Opening repository for path='/home/charles/Nginx/achen/resources' failed; ex=Failed to execute git {
  "exitCode": 128,
  "gitErrorCode": "NotAGitRepository",
  "gitCommand": "rev-parse",
  "stdout": "",
  "stderr": "fatal: not a git repository (or any of the parent directories): .git\n"
}
Opening repository for path='/home/charles/Nginx/achen/routes' failed; ex=Failed to execute git {
  "exitCode": 128,
  "gitErrorCode": "NotAGitRepository",
  "gitCommand": "rev-parse",
  "stdout": "",
  "stderr": "fatal: not a git repository (or any of the parent directories): .git\n"
}
Opening repository for path='/home/charles/Nginx/achen/server.php' failed; ex=Error: spawn ENOTDIR
Opening repository for path='/home/charles/Nginx/achen/storage' failed; ex=Failed to execute git {
  "exitCode": 128,
  "gitErrorCode": "NotAGitRepository",
  "gitCommand": "rev-parse",
  "stdout": "",
  "stderr": "fatal: not a git repository (or any of the parent directories): .git\n"
}
Opening repository for path='/home/charles/Nginx/achen/storage.json' failed; ex=Error: spawn ENOTDIR
Opening repository for path='/home/charles/Nginx/achen/tests' failed; ex=Failed to execute git {
  "exitCode": 128,
  "gitErrorCode": "NotAGitRepository",
  "gitCommand": "rev-parse",
  "stdout": "",
  "stderr": "fatal: not a git repository (or any of the parent directories): .git\n"
}
Opening repository for path='/home/charles/Nginx/achen/vendor' failed; ex=Failed to execute git {
  "exitCode": 128,
  "gitErrorCode": "NotAGitRepository",
  "gitCommand": "rev-parse",
  "stdout": "",
  "stderr": "fatal: not a git repository (or any of the parent directories): .git\n"
}
Opening repository for path='/home/charles/Nginx/achen/webpack.mix.js' failed; ex=Error: spawn ENOTDIR
